{"C:\\Users\\Usirusen Ikon\\Desktop\\Microverse\\JS module 2\\collaborate\\TODO-LIST\\src\\modules\\utils\\create.js": {"path":"C:\\Users\\Usirusen Ikon\\Desktop\\Microverse\\JS module 2\\collaborate\\TODO-LIST\\src\\modules\\utils\\create.js","statementMap":{"0":{"start":{"line":5,"column":24},"end":{"line":10,"column":3}},"1":{"start":{"line":6,"column":4},"end":{"line":8,"column":5}},"2":{"start":{"line":7,"column":6},"end":{"line":7,"column":23}},"3":{"start":{"line":9,"column":4},"end":{"line":9,"column":14}},"4":{"start":{"line":13,"column":21},"end":{"line":39,"column":3}},"5":{"start":{"line":14,"column":25},"end":{"line":36,"column":3}},"6":{"start":{"line":38,"column":4},"end":{"line":38,"column":40}},"7":{"start":{"line":42,"column":26},"end":{"line":46,"column":3}},"8":{"start":{"line":43,"column":18},"end":{"line":43,"column":33}},"9":{"start":{"line":44,"column":4},"end":{"line":44,"column":21}},"10":{"start":{"line":45,"column":4},"end":{"line":45,"column":25}},"11":{"start":{"line":49,"column":16},"end":{"line":58,"column":3}},"12":{"start":{"line":50,"column":17},"end":{"line":54,"column":5}},"13":{"start":{"line":56,"column":4},"end":{"line":56,"column":38}},"14":{"start":{"line":57,"column":4},"end":{"line":57,"column":32}},"15":{"start":{"line":61,"column":17},"end":{"line":66,"column":3}},"16":{"start":{"line":62,"column":18},"end":{"line":62,"column":33}},"17":{"start":{"line":63,"column":4},"end":{"line":65,"column":7}},"18":{"start":{"line":64,"column":6},"end":{"line":64,"column":40}}},"fnMap":{"0":{"name":"(anonymous_0)","decl":{"start":{"line":5,"column":24},"end":{"line":5,"column":25}},"loc":{"start":{"line":5,"column":39},"end":{"line":10,"column":3}},"line":5},"1":{"name":"(anonymous_1)","decl":{"start":{"line":13,"column":21},"end":{"line":13,"column":22}},"loc":{"start":{"line":13,"column":42},"end":{"line":39,"column":3}},"line":13},"2":{"name":"(anonymous_2)","decl":{"start":{"line":42,"column":26},"end":{"line":42,"column":27}},"loc":{"start":{"line":42,"column":36},"end":{"line":46,"column":3}},"line":42},"3":{"name":"(anonymous_3)","decl":{"start":{"line":49,"column":16},"end":{"line":49,"column":17}},"loc":{"start":{"line":49,"column":48},"end":{"line":58,"column":3}},"line":49},"4":{"name":"(anonymous_4)","decl":{"start":{"line":61,"column":17},"end":{"line":61,"column":18}},"loc":{"start":{"line":61,"column":32},"end":{"line":66,"column":3}},"line":61},"5":{"name":"(anonymous_5)","decl":{"start":{"line":63,"column":18},"end":{"line":63,"column":19}},"loc":{"start":{"line":63,"column":28},"end":{"line":65,"column":5}},"line":63}},"branchMap":{"0":{"loc":{"start":{"line":6,"column":4},"end":{"line":8,"column":5}},"type":"if","locations":[{"start":{"line":6,"column":4},"end":{"line":8,"column":5}},{"start":{},"end":{}}],"line":6}},"s":{"0":1,"1":6,"2":0,"3":6,"4":1,"5":2,"6":2,"7":1,"8":2,"9":2,"10":2,"11":1,"12":2,"13":2,"14":2,"15":1,"16":0,"17":0,"18":0},"f":{"0":6,"1":2,"2":2,"3":2,"4":0,"5":0},"b":{"0":[0,6]},"_coverageSchema":"1a1c01bbd47fc00a2c39e90264f33305004495a9","hash":"2cc5319a69fbda01b6807ec1f32a74c418467424"}
,"C:\\Users\\Usirusen Ikon\\Desktop\\Microverse\\JS module 2\\collaborate\\TODO-LIST\\src\\modules\\utils\\delete.js": {"path":"C:\\Users\\Usirusen Ikon\\Desktop\\Microverse\\JS module 2\\collaborate\\TODO-LIST\\src\\modules\\utils\\delete.js","statementMap":{"0":{"start":{"line":5,"column":19},"end":{"line":7,"column":3}},"1":{"start":{"line":6,"column":4},"end":{"line":6,"column":18}},"2":{"start":{"line":10,"column":24},"end":{"line":16,"column":3}},"3":{"start":{"line":11,"column":16},"end":{"line":11,"column":31}},"4":{"start":{"line":12,"column":4},"end":{"line":14,"column":6}},"5":{"start":{"line":13,"column":20},"end":{"line":13,"column":84}},"6":{"start":{"line":15,"column":4},"end":{"line":15,"column":25}},"7":{"start":{"line":19,"column":26},"end":{"line":26,"column":3}},"8":{"start":{"line":21,"column":18},"end":{"line":21,"column":19}},"9":{"start":{"line":22,"column":4},"end":{"line":25,"column":7}},"10":{"start":{"line":23,"column":6},"end":{"line":23,"column":55}},"11":{"start":{"line":24,"column":6},"end":{"line":24,"column":19}},"12":{"start":{"line":29,"column":31},"end":{"line":38,"column":3}},"13":{"start":{"line":30,"column":18},"end":{"line":30,"column":33}},"14":{"start":{"line":31,"column":18},"end":{"line":31,"column":19}},"15":{"start":{"line":32,"column":4},"end":{"line":35,"column":7}},"16":{"start":{"line":33,"column":6},"end":{"line":33,"column":27}},"17":{"start":{"line":34,"column":6},"end":{"line":34,"column":19}},"18":{"start":{"line":37,"column":4},"end":{"line":37,"column":25}},"19":{"start":{"line":41,"column":16},"end":{"line":44,"column":3}},"20":{"start":{"line":42,"column":4},"end":{"line":42,"column":30}},"21":{"start":{"line":43,"column":4},"end":{"line":43,"column":25}},"22":{"start":{"line":46,"column":25},"end":{"line":49,"column":3}},"23":{"start":{"line":47,"column":4},"end":{"line":47,"column":36}},"24":{"start":{"line":48,"column":4},"end":{"line":48,"column":33}}},"fnMap":{"0":{"name":"(anonymous_0)","decl":{"start":{"line":5,"column":19},"end":{"line":5,"column":20}},"loc":{"start":{"line":5,"column":29},"end":{"line":7,"column":3}},"line":5},"1":{"name":"(anonymous_1)","decl":{"start":{"line":10,"column":24},"end":{"line":10,"column":25}},"loc":{"start":{"line":10,"column":34},"end":{"line":16,"column":3}},"line":10},"2":{"name":"(anonymous_2)","decl":{"start":{"line":13,"column":6},"end":{"line":13,"column":7}},"loc":{"start":{"line":13,"column":20},"end":{"line":13,"column":84}},"line":13},"3":{"name":"(anonymous_3)","decl":{"start":{"line":19,"column":26},"end":{"line":19,"column":27}},"loc":{"start":{"line":19,"column":40},"end":{"line":26,"column":3}},"line":19},"4":{"name":"(anonymous_4)","decl":{"start":{"line":22,"column":26},"end":{"line":22,"column":27}},"loc":{"start":{"line":22,"column":39},"end":{"line":25,"column":5}},"line":22},"5":{"name":"(anonymous_5)","decl":{"start":{"line":29,"column":31},"end":{"line":29,"column":32}},"loc":{"start":{"line":29,"column":37},"end":{"line":38,"column":3}},"line":29},"6":{"name":"(anonymous_6)","decl":{"start":{"line":32,"column":18},"end":{"line":32,"column":19}},"loc":{"start":{"line":32,"column":28},"end":{"line":35,"column":5}},"line":32},"7":{"name":"(anonymous_7)","decl":{"start":{"line":41,"column":16},"end":{"line":41,"column":17}},"loc":{"start":{"line":41,"column":26},"end":{"line":44,"column":3}},"line":41},"8":{"name":"(anonymous_8)","decl":{"start":{"line":46,"column":25},"end":{"line":46,"column":26}},"loc":{"start":{"line":46,"column":39},"end":{"line":49,"column":3}},"line":46}},"branchMap":{},"s":{"0":1,"1":1,"2":1,"3":1,"4":1,"5":2,"6":1,"7":1,"8":0,"9":0,"10":0,"11":0,"12":1,"13":0,"14":0,"15":0,"16":0,"17":0,"18":0,"19":1,"20":1,"21":1,"22":1,"23":0,"24":0},"f":{"0":1,"1":1,"2":2,"3":0,"4":0,"5":0,"6":0,"7":1,"8":0},"b":{},"_coverageSchema":"1a1c01bbd47fc00a2c39e90264f33305004495a9","hash":"3379579e35337a9ee26f23d69f334e680fe41e3e"}
,"C:\\Users\\Usirusen Ikon\\Desktop\\Microverse\\JS module 2\\collaborate\\TODO-LIST\\src\\modules\\utils\\read.js": {"path":"C:\\Users\\Usirusen Ikon\\Desktop\\Microverse\\JS module 2\\collaborate\\TODO-LIST\\src\\modules\\utils\\read.js","statementMap":{"0":{"start":{"line":3,"column":20},"end":{"line":10,"column":3}},"1":{"start":{"line":4,"column":16},"end":{"line":4,"column":18}},"2":{"start":{"line":5,"column":4},"end":{"line":7,"column":5}},"3":{"start":{"line":6,"column":6},"end":{"line":6,"column":56}},"4":{"start":{"line":9,"column":4},"end":{"line":9,"column":17}},"5":{"start":{"line":12,"column":20},"end":{"line":14,"column":3}},"6":{"start":{"line":13,"column":4},"end":{"line":13,"column":57}}},"fnMap":{"0":{"name":"(anonymous_0)","decl":{"start":{"line":3,"column":20},"end":{"line":3,"column":21}},"loc":{"start":{"line":3,"column":26},"end":{"line":10,"column":3}},"line":3},"1":{"name":"(anonymous_1)","decl":{"start":{"line":12,"column":20},"end":{"line":12,"column":21}},"loc":{"start":{"line":12,"column":31},"end":{"line":14,"column":3}},"line":12}},"branchMap":{"0":{"loc":{"start":{"line":5,"column":4},"end":{"line":7,"column":5}},"type":"if","locations":[{"start":{"line":5,"column":4},"end":{"line":7,"column":5}},{"start":{},"end":{}}],"line":5}},"s":{"0":1,"1":5,"2":5,"3":3,"4":5,"5":1,"6":3},"f":{"0":5,"1":3},"b":{"0":[3,2]},"_coverageSchema":"1a1c01bbd47fc00a2c39e90264f33305004495a9","hash":"cad753af33fe1ddf98401682cfaa0b0ade5f5db4"}
}
