{"C:\\Users\\Usirusen Ikon\\Desktop\\Microverse\\JS module 2\\collaborate\\TODO-LIST\\src\\modules\\base.js": {"path":"C:\\Users\\Usirusen Ikon\\Desktop\\Microverse\\JS module 2\\collaborate\\TODO-LIST\\src\\modules\\base.js","statementMap":{"0":{"start":{"line":7,"column":18},"end":{"line":9,"column":1}},"1":{"start":{"line":8,"column":2},"end":{"line":8,"column":18}},"2":{"start":{"line":11,"column":19},"end":{"line":20,"column":1}},"3":{"start":{"line":13,"column":2},"end":{"line":19,"column":5}},"4":{"start":{"line":14,"column":4},"end":{"line":14,"column":23}},"5":{"start":{"line":15,"column":4},"end":{"line":17,"column":5}},"6":{"start":{"line":16,"column":6},"end":{"line":16,"column":41}},"7":{"start":{"line":18,"column":4},"end":{"line":18,"column":20}},"8":{"start":{"line":22,"column":19},"end":{"line":39,"column":1}},"9":{"start":{"line":23,"column":2},"end":{"line":38,"column":5}},"10":{"start":{"line":24,"column":4},"end":{"line":37,"column":5}},"11":{"start":{"line":25,"column":24},"end":{"line":25,"column":32}},"12":{"start":{"line":26,"column":19},"end":{"line":28,"column":7}},"13":{"start":{"line":29,"column":6},"end":{"line":29,"column":24}},"14":{"start":{"line":32,"column":20},"end":{"line":32,"column":69}},"15":{"start":{"line":33,"column":23},"end":{"line":33,"column":68}},"16":{"start":{"line":35,"column":6},"end":{"line":35,"column":34}},"17":{"start":{"line":36,"column":6},"end":{"line":36,"column":37}},"18":{"start":{"line":42,"column":17},"end":{"line":59,"column":1}},"19":{"start":{"line":44,"column":2},"end":{"line":49,"column":5}},"20":{"start":{"line":45,"column":4},"end":{"line":48,"column":5}},"21":{"start":{"line":46,"column":19},"end":{"line":46,"column":69}},"22":{"start":{"line":47,"column":6},"end":{"line":47,"column":31}},"23":{"start":{"line":51,"column":2},"end":{"line":58,"column":5}},"24":{"start":{"line":52,"column":4},"end":{"line":57,"column":5}},"25":{"start":{"line":53,"column":30},"end":{"line":53,"column":38}},"26":{"start":{"line":54,"column":19},"end":{"line":54,"column":76}},"27":{"start":{"line":55,"column":6},"end":{"line":55,"column":39}},"28":{"start":{"line":56,"column":6},"end":{"line":56,"column":34}},"29":{"start":{"line":62,"column":18},"end":{"line":72,"column":1}},"30":{"start":{"line":63,"column":2},"end":{"line":71,"column":5}},"31":{"start":{"line":64,"column":18},"end":{"line":64,"column":26}},"32":{"start":{"line":65,"column":4},"end":{"line":70,"column":5}},"33":{"start":{"line":66,"column":24},"end":{"line":66,"column":37}},"34":{"start":{"line":67,"column":19},"end":{"line":67,"column":52}},"35":{"start":{"line":68,"column":22},"end":{"line":68,"column":61}},"36":{"start":{"line":69,"column":6},"end":{"line":69,"column":43}},"37":{"start":{"line":75,"column":18},"end":{"line":87,"column":1}},"38":{"start":{"line":76,"column":2},"end":{"line":86,"column":5}},"39":{"start":{"line":77,"column":25},"end":{"line":77,"column":73}},"40":{"start":{"line":78,"column":4},"end":{"line":80,"column":7}},"41":{"start":{"line":79,"column":6},"end":{"line":79,"column":24}},"42":{"start":{"line":82,"column":18},"end":{"line":82,"column":67}},"43":{"start":{"line":83,"column":21},"end":{"line":83,"column":67}},"44":{"start":{"line":84,"column":4},"end":{"line":84,"column":32}},"45":{"start":{"line":85,"column":4},"end":{"line":85,"column":35}},"46":{"start":{"line":89,"column":18},"end":{"line":94,"column":1}},"47":{"start":{"line":91,"column":2},"end":{"line":93,"column":5}},"48":{"start":{"line":92,"column":4},"end":{"line":92,"column":28}}},"fnMap":{"0":{"name":"(anonymous_0)","decl":{"start":{"line":7,"column":18},"end":{"line":7,"column":19}},"loc":{"start":{"line":7,"column":28},"end":{"line":9,"column":1}},"line":7},"1":{"name":"(anonymous_1)","decl":{"start":{"line":11,"column":19},"end":{"line":11,"column":20}},"loc":{"start":{"line":11,"column":46},"end":{"line":20,"column":1}},"line":11},"2":{"name":"(anonymous_2)","decl":{"start":{"line":13,"column":34},"end":{"line":13,"column":35}},"loc":{"start":{"line":13,"column":41},"end":{"line":19,"column":3}},"line":13},"3":{"name":"(anonymous_3)","decl":{"start":{"line":22,"column":19},"end":{"line":22,"column":20}},"loc":{"start":{"line":22,"column":34},"end":{"line":39,"column":1}},"line":22},"4":{"name":"(anonymous_4)","decl":{"start":{"line":23,"column":38},"end":{"line":23,"column":39}},"loc":{"start":{"line":23,"column":45},"end":{"line":38,"column":3}},"line":23},"5":{"name":"(anonymous_5)","decl":{"start":{"line":42,"column":17},"end":{"line":42,"column":18}},"loc":{"start":{"line":42,"column":32},"end":{"line":59,"column":1}},"line":42},"6":{"name":"(anonymous_6)","decl":{"start":{"line":44,"column":38},"end":{"line":44,"column":39}},"loc":{"start":{"line":44,"column":45},"end":{"line":49,"column":3}},"line":44},"7":{"name":"(anonymous_7)","decl":{"start":{"line":51,"column":41},"end":{"line":51,"column":42}},"loc":{"start":{"line":51,"column":48},"end":{"line":58,"column":3}},"line":51},"8":{"name":"(anonymous_8)","decl":{"start":{"line":62,"column":18},"end":{"line":62,"column":19}},"loc":{"start":{"line":62,"column":33},"end":{"line":72,"column":1}},"line":62},"9":{"name":"(anonymous_9)","decl":{"start":{"line":63,"column":39},"end":{"line":63,"column":40}},"loc":{"start":{"line":63,"column":46},"end":{"line":71,"column":3}},"line":63},"10":{"name":"(anonymous_10)","decl":{"start":{"line":75,"column":18},"end":{"line":75,"column":19}},"loc":{"start":{"line":75,"column":38},"end":{"line":87,"column":1}},"line":75},"11":{"name":"(anonymous_11)","decl":{"start":{"line":76,"column":32},"end":{"line":76,"column":33}},"loc":{"start":{"line":76,"column":38},"end":{"line":86,"column":3}},"line":76},"12":{"name":"(anonymous_12)","decl":{"start":{"line":78,"column":30},"end":{"line":78,"column":31}},"loc":{"start":{"line":78,"column":40},"end":{"line":80,"column":5}},"line":78},"13":{"name":"(anonymous_13)","decl":{"start":{"line":89,"column":18},"end":{"line":89,"column":19}},"loc":{"start":{"line":89,"column":33},"end":{"line":94,"column":1}},"line":89},"14":{"name":"(anonymous_14)","decl":{"start":{"line":91,"column":48},"end":{"line":91,"column":49}},"loc":{"start":{"line":91,"column":54},"end":{"line":93,"column":3}},"line":91}},"branchMap":{"0":{"loc":{"start":{"line":15,"column":4},"end":{"line":17,"column":5}},"type":"if","locations":[{"start":{"line":15,"column":4},"end":{"line":17,"column":5}},{"start":{},"end":{}}],"line":15},"1":{"loc":{"start":{"line":24,"column":4},"end":{"line":37,"column":5}},"type":"if","locations":[{"start":{"line":24,"column":4},"end":{"line":37,"column":5}},{"start":{},"end":{}}],"line":24},"2":{"loc":{"start":{"line":45,"column":4},"end":{"line":48,"column":5}},"type":"if","locations":[{"start":{"line":45,"column":4},"end":{"line":48,"column":5}},{"start":{},"end":{}}],"line":45},"3":{"loc":{"start":{"line":52,"column":4},"end":{"line":57,"column":5}},"type":"if","locations":[{"start":{"line":52,"column":4},"end":{"line":57,"column":5}},{"start":{},"end":{}}],"line":52},"4":{"loc":{"start":{"line":65,"column":4},"end":{"line":70,"column":5}},"type":"if","locations":[{"start":{"line":65,"column":4},"end":{"line":70,"column":5}},{"start":{},"end":{}}],"line":65}},"s":{"0":1,"1":0,"2":1,"3":0,"4":0,"5":0,"6":0,"7":0,"8":1,"9":0,"10":0,"11":0,"12":0,"13":0,"14":0,"15":0,"16":0,"17":0,"18":1,"19":0,"20":0,"21":0,"22":0,"23":0,"24":0,"25":0,"26":0,"27":0,"28":0,"29":1,"30":0,"31":0,"32":0,"33":0,"34":0,"35":0,"36":0,"37":1,"38":2,"39":2,"40":2,"41":2,"42":2,"43":2,"44":2,"45":2,"46":1,"47":0,"48":0},"f":{"0":0,"1":0,"2":0,"3":0,"4":0,"5":0,"6":0,"7":0,"8":0,"9":0,"10":2,"11":2,"12":2,"13":0,"14":0},"b":{"0":[0,0],"1":[0,0],"2":[0,0],"3":[0,0],"4":[0,0]},"_coverageSchema":"1a1c01bbd47fc00a2c39e90264f33305004495a9","hash":"16cafdd9198b024c8a0d4a14716c4487c91e07d2"}
,"C:\\Users\\Usirusen Ikon\\Desktop\\Microverse\\JS module 2\\collaborate\\TODO-LIST\\src\\modules\\utils\\check.js": {"path":"C:\\Users\\Usirusen Ikon\\Desktop\\Microverse\\JS module 2\\collaborate\\TODO-LIST\\src\\modules\\utils\\check.js","statementMap":{"0":{"start":{"line":5,"column":18},"end":{"line":13,"column":3}},"1":{"start":{"line":6,"column":4},"end":{"line":12,"column":5}},"2":{"start":{"line":7,"column":6},"end":{"line":7,"column":39}},"3":{"start":{"line":8,"column":6},"end":{"line":8,"column":41}},"4":{"start":{"line":10,"column":6},"end":{"line":10,"column":42}},"5":{"start":{"line":11,"column":6},"end":{"line":11,"column":44}},"6":{"start":{"line":16,"column":23},"end":{"line":24,"column":3}},"7":{"start":{"line":17,"column":18},"end":{"line":17,"column":33}},"8":{"start":{"line":18,"column":4},"end":{"line":22,"column":7}},"9":{"start":{"line":19,"column":6},"end":{"line":21,"column":7}},"10":{"start":{"line":20,"column":8},"end":{"line":20,"column":35}},"11":{"start":{"line":23,"column":4},"end":{"line":23,"column":25}},"12":{"start":{"line":26,"column":16},"end":{"line":29,"column":3}},"13":{"start":{"line":27,"column":4},"end":{"line":27,"column":39}},"14":{"start":{"line":28,"column":4},"end":{"line":28,"column":35}}},"fnMap":{"0":{"name":"(anonymous_0)","decl":{"start":{"line":5,"column":18},"end":{"line":5,"column":19}},"loc":{"start":{"line":5,"column":44},"end":{"line":13,"column":3}},"line":5},"1":{"name":"(anonymous_1)","decl":{"start":{"line":16,"column":23},"end":{"line":16,"column":24}},"loc":{"start":{"line":16,"column":40},"end":{"line":24,"column":3}},"line":16},"2":{"name":"(anonymous_2)","decl":{"start":{"line":18,"column":18},"end":{"line":18,"column":19}},"loc":{"start":{"line":18,"column":32},"end":{"line":22,"column":5}},"line":18},"3":{"name":"(anonymous_3)","decl":{"start":{"line":26,"column":16},"end":{"line":26,"column":17}},"loc":{"start":{"line":26,"column":42},"end":{"line":29,"column":3}},"line":26}},"branchMap":{"0":{"loc":{"start":{"line":6,"column":4},"end":{"line":12,"column":5}},"type":"if","locations":[{"start":{"line":6,"column":4},"end":{"line":12,"column":5}},{"start":{"line":9,"column":11},"end":{"line":12,"column":5}}],"line":6},"1":{"loc":{"start":{"line":19,"column":6},"end":{"line":21,"column":7}},"type":"if","locations":[{"start":{"line":19,"column":6},"end":{"line":21,"column":7}},{"start":{},"end":{}}],"line":19}},"s":{"0":1,"1":0,"2":0,"3":0,"4":0,"5":0,"6":1,"7":0,"8":0,"9":0,"10":0,"11":0,"12":1,"13":0,"14":0},"f":{"0":0,"1":0,"2":0,"3":0},"b":{"0":[0,0],"1":[0,0]},"_coverageSchema":"1a1c01bbd47fc00a2c39e90264f33305004495a9","hash":"802a34dc632f24e566b285d81b92966eb10241ff"}
,"C:\\Users\\Usirusen Ikon\\Desktop\\Microverse\\JS module 2\\collaborate\\TODO-LIST\\src\\modules\\utils\\create.js": {"path":"C:\\Users\\Usirusen Ikon\\Desktop\\Microverse\\JS module 2\\collaborate\\TODO-LIST\\src\\modules\\utils\\create.js","statementMap":{"0":{"start":{"line":5,"column":24},"end":{"line":10,"column":3}},"1":{"start":{"line":6,"column":4},"end":{"line":8,"column":5}},"2":{"start":{"line":7,"column":6},"end":{"line":7,"column":23}},"3":{"start":{"line":9,"column":4},"end":{"line":9,"column":14}},"4":{"start":{"line":13,"column":21},"end":{"line":39,"column":3}},"5":{"start":{"line":14,"column":25},"end":{"line":36,"column":3}},"6":{"start":{"line":38,"column":4},"end":{"line":38,"column":40}},"7":{"start":{"line":42,"column":26},"end":{"line":46,"column":3}},"8":{"start":{"line":43,"column":18},"end":{"line":43,"column":33}},"9":{"start":{"line":44,"column":4},"end":{"line":44,"column":21}},"10":{"start":{"line":45,"column":4},"end":{"line":45,"column":25}},"11":{"start":{"line":49,"column":16},"end":{"line":58,"column":3}},"12":{"start":{"line":50,"column":17},"end":{"line":54,"column":5}},"13":{"start":{"line":56,"column":4},"end":{"line":56,"column":38}},"14":{"start":{"line":57,"column":4},"end":{"line":57,"column":32}},"15":{"start":{"line":61,"column":17},"end":{"line":66,"column":3}},"16":{"start":{"line":62,"column":18},"end":{"line":62,"column":33}},"17":{"start":{"line":63,"column":4},"end":{"line":65,"column":7}},"18":{"start":{"line":64,"column":6},"end":{"line":64,"column":40}}},"fnMap":{"0":{"name":"(anonymous_0)","decl":{"start":{"line":5,"column":24},"end":{"line":5,"column":25}},"loc":{"start":{"line":5,"column":39},"end":{"line":10,"column":3}},"line":5},"1":{"name":"(anonymous_1)","decl":{"start":{"line":13,"column":21},"end":{"line":13,"column":22}},"loc":{"start":{"line":13,"column":42},"end":{"line":39,"column":3}},"line":13},"2":{"name":"(anonymous_2)","decl":{"start":{"line":42,"column":26},"end":{"line":42,"column":27}},"loc":{"start":{"line":42,"column":36},"end":{"line":46,"column":3}},"line":42},"3":{"name":"(anonymous_3)","decl":{"start":{"line":49,"column":16},"end":{"line":49,"column":17}},"loc":{"start":{"line":49,"column":48},"end":{"line":58,"column":3}},"line":49},"4":{"name":"(anonymous_4)","decl":{"start":{"line":61,"column":17},"end":{"line":61,"column":18}},"loc":{"start":{"line":61,"column":32},"end":{"line":66,"column":3}},"line":61},"5":{"name":"(anonymous_5)","decl":{"start":{"line":63,"column":18},"end":{"line":63,"column":19}},"loc":{"start":{"line":63,"column":28},"end":{"line":65,"column":5}},"line":63}},"branchMap":{"0":{"loc":{"start":{"line":6,"column":4},"end":{"line":8,"column":5}},"type":"if","locations":[{"start":{"line":6,"column":4},"end":{"line":8,"column":5}},{"start":{},"end":{}}],"line":6}},"s":{"0":1,"1":0,"2":0,"3":0,"4":1,"5":0,"6":0,"7":1,"8":0,"9":0,"10":0,"11":1,"12":0,"13":0,"14":0,"15":1,"16":0,"17":0,"18":0},"f":{"0":0,"1":0,"2":0,"3":0,"4":0,"5":0},"b":{"0":[0,0]},"_coverageSchema":"1a1c01bbd47fc00a2c39e90264f33305004495a9","hash":"2cc5319a69fbda01b6807ec1f32a74c418467424"}
,"C:\\Users\\Usirusen Ikon\\Desktop\\Microverse\\JS module 2\\collaborate\\TODO-LIST\\src\\modules\\utils\\delete.js": {"path":"C:\\Users\\Usirusen Ikon\\Desktop\\Microverse\\JS module 2\\collaborate\\TODO-LIST\\src\\modules\\utils\\delete.js","statementMap":{"0":{"start":{"line":5,"column":19},"end":{"line":7,"column":3}},"1":{"start":{"line":6,"column":4},"end":{"line":6,"column":18}},"2":{"start":{"line":10,"column":24},"end":{"line":16,"column":3}},"3":{"start":{"line":11,"column":16},"end":{"line":11,"column":31}},"4":{"start":{"line":12,"column":4},"end":{"line":14,"column":6}},"5":{"start":{"line":13,"column":20},"end":{"line":13,"column":84}},"6":{"start":{"line":15,"column":4},"end":{"line":15,"column":25}},"7":{"start":{"line":19,"column":26},"end":{"line":26,"column":3}},"8":{"start":{"line":21,"column":18},"end":{"line":21,"column":19}},"9":{"start":{"line":22,"column":4},"end":{"line":25,"column":7}},"10":{"start":{"line":23,"column":6},"end":{"line":23,"column":55}},"11":{"start":{"line":24,"column":6},"end":{"line":24,"column":19}},"12":{"start":{"line":29,"column":31},"end":{"line":38,"column":3}},"13":{"start":{"line":30,"column":18},"end":{"line":30,"column":33}},"14":{"start":{"line":31,"column":18},"end":{"line":31,"column":19}},"15":{"start":{"line":32,"column":4},"end":{"line":35,"column":7}},"16":{"start":{"line":33,"column":6},"end":{"line":33,"column":27}},"17":{"start":{"line":34,"column":6},"end":{"line":34,"column":19}},"18":{"start":{"line":37,"column":4},"end":{"line":37,"column":25}},"19":{"start":{"line":41,"column":16},"end":{"line":44,"column":3}},"20":{"start":{"line":42,"column":4},"end":{"line":42,"column":30}},"21":{"start":{"line":43,"column":4},"end":{"line":43,"column":25}},"22":{"start":{"line":46,"column":25},"end":{"line":49,"column":3}},"23":{"start":{"line":47,"column":4},"end":{"line":47,"column":36}},"24":{"start":{"line":48,"column":4},"end":{"line":48,"column":33}}},"fnMap":{"0":{"name":"(anonymous_0)","decl":{"start":{"line":5,"column":19},"end":{"line":5,"column":20}},"loc":{"start":{"line":5,"column":29},"end":{"line":7,"column":3}},"line":5},"1":{"name":"(anonymous_1)","decl":{"start":{"line":10,"column":24},"end":{"line":10,"column":25}},"loc":{"start":{"line":10,"column":34},"end":{"line":16,"column":3}},"line":10},"2":{"name":"(anonymous_2)","decl":{"start":{"line":13,"column":6},"end":{"line":13,"column":7}},"loc":{"start":{"line":13,"column":20},"end":{"line":13,"column":84}},"line":13},"3":{"name":"(anonymous_3)","decl":{"start":{"line":19,"column":26},"end":{"line":19,"column":27}},"loc":{"start":{"line":19,"column":40},"end":{"line":26,"column":3}},"line":19},"4":{"name":"(anonymous_4)","decl":{"start":{"line":22,"column":26},"end":{"line":22,"column":27}},"loc":{"start":{"line":22,"column":39},"end":{"line":25,"column":5}},"line":22},"5":{"name":"(anonymous_5)","decl":{"start":{"line":29,"column":31},"end":{"line":29,"column":32}},"loc":{"start":{"line":29,"column":37},"end":{"line":38,"column":3}},"line":29},"6":{"name":"(anonymous_6)","decl":{"start":{"line":32,"column":18},"end":{"line":32,"column":19}},"loc":{"start":{"line":32,"column":28},"end":{"line":35,"column":5}},"line":32},"7":{"name":"(anonymous_7)","decl":{"start":{"line":41,"column":16},"end":{"line":41,"column":17}},"loc":{"start":{"line":41,"column":26},"end":{"line":44,"column":3}},"line":41},"8":{"name":"(anonymous_8)","decl":{"start":{"line":46,"column":25},"end":{"line":46,"column":26}},"loc":{"start":{"line":46,"column":39},"end":{"line":49,"column":3}},"line":46}},"branchMap":{},"s":{"0":1,"1":2,"2":1,"3":2,"4":2,"5":2,"6":2,"7":1,"8":4,"9":4,"10":4,"11":4,"12":1,"13":4,"14":4,"15":4,"16":2,"17":2,"18":4,"19":1,"20":2,"21":2,"22":1,"23":4,"24":4},"f":{"0":2,"1":2,"2":2,"3":4,"4":4,"5":4,"6":2,"7":2,"8":4},"b":{},"_coverageSchema":"1a1c01bbd47fc00a2c39e90264f33305004495a9","hash":"3379579e35337a9ee26f23d69f334e680fe41e3e"}
,"C:\\Users\\Usirusen Ikon\\Desktop\\Microverse\\JS module 2\\collaborate\\TODO-LIST\\src\\modules\\utils\\edit.js": {"path":"C:\\Users\\Usirusen Ikon\\Desktop\\Microverse\\JS module 2\\collaborate\\TODO-LIST\\src\\modules\\utils\\edit.js","statementMap":{"0":{"start":{"line":6,"column":18},"end":{"line":6,"column":33}},"1":{"start":{"line":7,"column":4},"end":{"line":11,"column":7}},"2":{"start":{"line":8,"column":6},"end":{"line":10,"column":7}},"3":{"start":{"line":9,"column":8},"end":{"line":9,"column":57}},"4":{"start":{"line":13,"column":4},"end":{"line":13,"column":25}},"5":{"start":{"line":18,"column":4},"end":{"line":18,"column":41}}},"fnMap":{"0":{"name":"(anonymous_0)","decl":{"start":{"line":7,"column":18},"end":{"line":7,"column":19}},"loc":{"start":{"line":7,"column":39},"end":{"line":11,"column":5}},"line":7},"1":{"name":"(anonymous_1)","decl":{"start":{"line":17,"column":2},"end":{"line":17,"column":3}},"loc":{"start":{"line":17,"column":37},"end":{"line":19,"column":3}},"line":17}},"branchMap":{"0":{"loc":{"start":{"line":8,"column":6},"end":{"line":10,"column":7}},"type":"if","locations":[{"start":{"line":8,"column":6},"end":{"line":10,"column":7}},{"start":{},"end":{}}],"line":8}},"s":{"0":0,"1":0,"2":0,"3":0,"4":0,"5":0},"f":{"0":0,"1":0},"b":{"0":[0,0]},"_coverageSchema":"1a1c01bbd47fc00a2c39e90264f33305004495a9","hash":"dfc56a9f44acb7d156a2ac383d1702c12c1c1cf5"}
,"C:\\Users\\Usirusen Ikon\\Desktop\\Microverse\\JS module 2\\collaborate\\TODO-LIST\\src\\modules\\utils\\read.js": {"path":"C:\\Users\\Usirusen Ikon\\Desktop\\Microverse\\JS module 2\\collaborate\\TODO-LIST\\src\\modules\\utils\\read.js","statementMap":{"0":{"start":{"line":3,"column":20},"end":{"line":10,"column":3}},"1":{"start":{"line":4,"column":16},"end":{"line":4,"column":18}},"2":{"start":{"line":5,"column":4},"end":{"line":7,"column":5}},"3":{"start":{"line":6,"column":6},"end":{"line":6,"column":56}},"4":{"start":{"line":9,"column":4},"end":{"line":9,"column":17}},"5":{"start":{"line":12,"column":20},"end":{"line":14,"column":3}},"6":{"start":{"line":13,"column":4},"end":{"line":13,"column":57}}},"fnMap":{"0":{"name":"(anonymous_0)","decl":{"start":{"line":3,"column":20},"end":{"line":3,"column":21}},"loc":{"start":{"line":3,"column":26},"end":{"line":10,"column":3}},"line":3},"1":{"name":"(anonymous_1)","decl":{"start":{"line":12,"column":20},"end":{"line":12,"column":21}},"loc":{"start":{"line":12,"column":31},"end":{"line":14,"column":3}},"line":12}},"branchMap":{"0":{"loc":{"start":{"line":5,"column":4},"end":{"line":7,"column":5}},"type":"if","locations":[{"start":{"line":5,"column":4},"end":{"line":7,"column":5}},{"start":{},"end":{}}],"line":5}},"s":{"0":1,"1":6,"2":6,"3":5,"4":6,"5":1,"6":6},"f":{"0":6,"1":6},"b":{"0":[5,1]},"_coverageSchema":"1a1c01bbd47fc00a2c39e90264f33305004495a9","hash":"cad753af33fe1ddf98401682cfaa0b0ade5f5db4"}
}
