TN:
SF:src\modules\utils\create.js
FN:5,(anonymous_0)
FN:13,(anonymous_1)
FN:42,(anonymous_2)
FN:49,(anonymous_3)
FN:61,(anonymous_4)
FN:63,(anonymous_5)
FNF:6
FNH:4
FNDA:6,(anonymous_0)
FNDA:2,(anonymous_1)
FNDA:2,(anonymous_2)
FNDA:2,(anonymous_3)
FNDA:0,(anonymous_4)
FNDA:0,(anonymous_5)
DA:5,1
DA:6,6
DA:7,0
DA:9,6
DA:13,1
DA:14,2
DA:38,2
DA:42,1
DA:43,2
DA:44,2
DA:45,2
DA:49,1
DA:50,2
DA:56,2
DA:57,2
DA:61,1
DA:62,0
DA:63,0
DA:64,0
LF:19
LH:15
BRDA:6,0,0,0
BRDA:6,0,1,6
BRF:2
BRH:1
end_of_record
TN:
SF:src\modules\utils\delete.js
FN:5,(anonymous_0)
FN:10,(anonymous_1)
FN:13,(anonymous_2)
FN:19,(anonymous_3)
FN:22,(anonymous_4)
FN:29,(anonymous_5)
FN:32,(anonymous_6)
FN:41,(anonymous_7)
FN:46,(anonymous_8)
FNF:9
FNH:4
FNDA:1,(anonymous_0)
FNDA:1,(anonymous_1)
FNDA:2,(anonymous_2)
FNDA:0,(anonymous_3)
FNDA:0,(anonymous_4)
FNDA:0,(anonymous_5)
FNDA:0,(anonymous_6)
FNDA:1,(anonymous_7)
FNDA:0,(anonymous_8)
DA:5,1
DA:6,1
DA:10,1
DA:11,1
DA:12,1
DA:13,2
DA:15,1
DA:19,1
DA:21,0
DA:22,0
DA:23,0
DA:24,0
DA:29,1
DA:30,0
DA:31,0
DA:32,0
DA:33,0
DA:34,0
DA:37,0
DA:41,1
DA:42,1
DA:43,1
DA:46,1
DA:47,0
DA:48,0
LF:25
LH:13
BRF:0
BRH:0
end_of_record
TN:
SF:src\modules\utils\read.js
FN:3,(anonymous_0)
FN:12,(anonymous_1)
FNF:2
FNH:2
FNDA:5,(anonymous_0)
FNDA:3,(anonymous_1)
DA:3,1
DA:4,5
DA:5,5
DA:6,3
DA:9,5
DA:12,1
DA:13,3
LF:7
LH:7
BRDA:5,0,0,3
BRDA:5,0,1,2
BRF:2
BRH:2
end_of_record
